#################################################################
# If you used AutoDock Vina in your work, please cite:          #
#                                                               #
# O. Trott, A. J. Olson,                                        #
# AutoDock Vina: improving the speed and accuracy of docking    #
# with a new scoring function, efficient optimization and       #
# multithreading, Journal of Computational Chemistry 31 (2010)  #
# 455-461                                                       #
#                                                               #
# DOI 10.1002/jcc.21334                                         #
#                                                               #
# Please see http://vina.scripps.edu for more information.      #
#################################################################

Reading input ... done.
Setting up the scoring function ... done.
Analyzing the binding site ... done.
Using random seed: -401688684
Performing search ... done.
Refining results ... done.

mode |   affinity | dist from best mode
     | (kcal/mol) | rmsd l.b.| rmsd u.b.
-----+------------+----------+----------
   1        -11.9      0.000      0.000
   2         -9.0      5.856     10.244
   3         -8.0      1.845      2.201
   4         -7.9      2.119      2.821
   5         -7.8      2.245      3.356
   6         -7.4     13.966     16.999
   7         -7.4      1.913      2.591
   8         -7.2     14.019     16.816
   9         -7.2      5.317     10.162
  10         -7.1      6.400     10.853
Writing output ... done.
