#################################################################
# If you used AutoDock Vina in your work, please cite:          #
#                                                               #
# O. Trott, A. J. Olson,                                        #
# AutoDock Vina: improving the speed and accuracy of docking    #
# with a new scoring function, efficient optimization and       #
# multithreading, Journal of Computational Chemistry 31 (2010)  #
# 455-461                                                       #
#                                                               #
# DOI 10.1002/jcc.21334                                         #
#                                                               #
# Please see http://vina.scripps.edu for more information.      #
#################################################################

Reading input ... done.
Setting up the scoring function ... done.
Analyzing the binding site ... done.
Using random seed: -2129808432
Performing search ... done.
Refining results ... done.

mode |   affinity | dist from best mode
     | (kcal/mol) | rmsd l.b.| rmsd u.b.
-----+------------+----------+----------
   1        -11.9      0.000      0.000
   2         -8.9      5.848     10.248
   3         -8.3      4.793      7.690
   4         -7.9      1.837      2.205
   5         -7.9      2.126      2.837
   6         -7.8      2.253      3.371
   7         -7.5      1.905      2.600
   8         -7.4     13.980     17.038
   9         -7.2     14.002     16.822
  10         -7.2      5.318     10.163
Writing output ... done.
