#################################################################
# If you used AutoDock Vina in your work, please cite:          #
#                                                               #
# O. Trott, A. J. Olson,                                        #
# AutoDock Vina: improving the speed and accuracy of docking    #
# with a new scoring function, efficient optimization and       #
# multithreading, Journal of Computational Chemistry 31 (2010)  #
# 455-461                                                       #
#                                                               #
# DOI 10.1002/jcc.21334                                         #
#                                                               #
# Please see http://vina.scripps.edu for more information.      #
#################################################################

Reading input ... done.
Setting up the scoring function ... done.
Analyzing the binding site ... done.
Using random seed: -2144350213
Performing search ... done.
Refining results ... done.

mode |   affinity | dist from best mode
     | (kcal/mol) | rmsd l.b.| rmsd u.b.
-----+------------+----------+----------
   1        -11.9      0.000      0.000
   2        -11.7      0.493      1.100
   3         -8.9      5.855     10.241
   4         -8.3      4.774      7.656
   5         -7.9      2.119      2.832
   6         -7.8      2.249      3.359
   7         -7.8      6.394     10.860
   8         -7.5      1.909      2.589
   9         -7.4     13.956     17.010
  10         -7.2     14.000     16.788
Writing output ... done.
