#################################################################
# If you used AutoDock Vina in your work, please cite:          #
#                                                               #
# O. Trott, A. J. Olson,                                        #
# AutoDock Vina: improving the speed and accuracy of docking    #
# with a new scoring function, efficient optimization and       #
# multithreading, Journal of Computational Chemistry 31 (2010)  #
# 455-461                                                       #
#                                                               #
# DOI 10.1002/jcc.21334                                         #
#                                                               #
# Please see http://vina.scripps.edu for more information.      #
#################################################################

Reading input ... done.
Setting up the scoring function ... done.
Analyzing the binding site ... done.
Using random seed: 847428712
Performing search ... done.
Refining results ... done.

mode |   affinity | dist from best mode
     | (kcal/mol) | rmsd l.b.| rmsd u.b.
-----+------------+----------+----------
   1        -11.9      0.000      0.000
   2         -9.1      5.854     10.254
   3         -8.3      4.749      7.651
   4         -7.8      1.853      2.223
   5         -7.8      2.135      2.923
   6         -7.8      2.256      3.359
   7         -7.5      1.902      2.603
   8         -7.4     13.976     17.023
   9         -7.3     14.007     16.828
  10         -7.2      5.312     10.162
Writing output ... done.
